#
# There is insufficient memory for the Java Runtime Environment to continue.
# Native memory allocation (mmap) failed to map 314572800 bytes for G1 virtual space
# Possible reasons:
#   The system is out of physical RAM or swap space
#   The process is running with CompressedOops enabled, and the Java Heap may be blocking the growth of the native heap
# Possible solutions:
#   Reduce memory load on the system
#   Increase physical memory or swap space
#   Check if swap backing store is full
#   Decrease Java heap size (-Xmx/-Xms)
#   Decrease number of Java threads
#   Decrease Java thread stack sizes (-Xss)
#   Set larger code cache with -XX:ReservedCodeCacheSize=
#   JVM is running with Zero Based Compressed Oops mode in which the Java heap is
#     placed in the first 32GB address space. The Java Heap base address is the
#     maximum limit for the native heap growth. Please use -XX:HeapBaseMinAddress
#     to set the Java Heap base and to place the Java Heap above 32GB virtual address.
# This output file may be truncated or incomplete.
#
#  Out of Memory Error (os_windows.cpp:3469), pid=33352, tid=16752
#
# JRE version: Java(TM) SE Runtime Environment (17.0.1+12) (build 17.0.1+12-LTS-39)
# Java VM: Java HotSpot(TM) 64-Bit Server VM (17.0.1+12-LTS-39, mixed mode, sharing, tiered, compressed oops, compressed class ptrs, g1 gc, windows-amd64)
# No core dump will be written. Minidumps are not enabled by default on client versions of Windows
#

---------------  S U M M A R Y ------------

Command Line: -Dfile.encoding=UTF-8 -XX:+ShowCodeDetailsInExceptionMessages main.Mains

Host: Intel(R) Core(TM) i5-9400F CPU @ 2.90GHz, 6 cores, 15G,  Windows 10 , 64 bit Build 19041 (10.0.19041.1202)
Time: Thu Dec  2 09:45:33 2021  Windows 10 , 64 bit Build 19041 (10.0.19041.1202) elapsed time: 1.766726 seconds (0d 0h 0m 1s)

---------------  T H R E A D  ---------------

Current thread (0x000001e37f637500):  VMThread "VM Thread" [stack: 0x000000080c700000,0x000000080c800000] [id=16752]

Stack: [0x000000080c700000,0x000000080c800000]
Native frames: (J=compiled Java code, j=interpreted, Vv=VM code, C=native code)
V  [jvm.dll+0x66fa1a]
V  [jvm.dll+0x7ce5a4]
V  [jvm.dll+0x7cfd4e]
V  [jvm.dll+0x7d03b3]
V  [jvm.dll+0x242b05]
V  [jvm.dll+0x66ca39]
V  [jvm.dll+0x661502]
V  [jvm.dll+0x30081b]
V  [jvm.dll+0x307da6]
V  [jvm.dll+0x357a1e]
V  [jvm.dll+0x357c4f]
V  [jvm.dll+0x2d7ad8]
V  [jvm.dll+0x2d5da4]
V  [jvm.dll+0x2d53ac]
V  [jvm.dll+0x318d0b]
V  [jvm.dll+0x7d484b]
V  [jvm.dll+0x7d5584]
V  [jvm.dll+0x7d5a9c]
V  [jvm.dll+0x7d5e74]
V  [jvm.dll+0x7d5f40]
V  [jvm.dll+0x77e91a]
V  [jvm.dll+0x66e845]
C  [ucrtbase.dll+0x21bb2]
C  [KERNEL32.DLL+0x17034]
C  [ntdll.dll+0x52651]

VM_Operation (0x000000080c1feea0): G1CollectForAllocation, mode: safepoint, requested by thread 0x000001e35cd8f840


---------------  P R O C E S S  ---------------

Threads class SMR info:
_java_thread_list=0x000001e3419d45d0, length=13, elements={
0x000001e35cd8f840, 0x000001e37f63d470, 0x000001e37f63e990, 0x000001e37f655ef0,
0x000001e37f6597d0, 0x000001e37f65a090, 0x000001e37f65a950, 0x000001e37f65b5f0,
0x000001e34149e3c0, 0x000001e3414a3090, 0x000001e341569b40, 0x000001e3415786f0,
0x000001e3419d5570
}

Java Threads: ( => current thread )
  0x000001e35cd8f840 JavaThread "main" [_thread_blocked, id=2760, stack(0x000000080c100000,0x000000080c200000)]
  0x000001e37f63d470 JavaThread "Reference Handler" daemon [_thread_blocked, id=7920, stack(0x000000080c800000,0x000000080c900000)]
  0x000001e37f63e990 JavaThread "Finalizer" daemon [_thread_blocked, id=2932, stack(0x000000080c900000,0x000000080ca00000)]
  0x000001e37f655ef0 JavaThread "Signal Dispatcher" daemon [_thread_blocked, id=22224, stack(0x000000080ca00000,0x000000080cb00000)]
  0x000001e37f6597d0 JavaThread "Attach Listener" daemon [_thread_blocked, id=27332, stack(0x000000080cb00000,0x000000080cc00000)]
  0x000001e37f65a090 JavaThread "Service Thread" daemon [_thread_blocked, id=10696, stack(0x000000080cc00000,0x000000080cd00000)]
  0x000001e37f65a950 JavaThread "Monitor Deflation Thread" daemon [_thread_blocked, id=14504, stack(0x000000080cd00000,0x000000080ce00000)]
  0x000001e37f65b5f0 JavaThread "C2 CompilerThread0" daemon [_thread_blocked, id=14788, stack(0x000000080ce00000,0x000000080cf00000)]
  0x000001e34149e3c0 JavaThread "C1 CompilerThread0" daemon [_thread_blocked, id=5312, stack(0x000000080cf00000,0x000000080d000000)]
  0x000001e3414a3090 JavaThread "Sweeper thread" daemon [_thread_blocked, id=7280, stack(0x000000080d000000,0x000000080d100000)]
  0x000001e341569b40 JavaThread "Notification Thread" daemon [_thread_blocked, id=31564, stack(0x000000080d100000,0x000000080d200000)]
  0x000001e3415786f0 JavaThread "Common-Cleaner" daemon [_thread_blocked, id=15260, stack(0x000000080d300000,0x000000080d400000)]
  0x000001e3419d5570 JavaThread "C2 CompilerThread1" daemon [_thread_blocked, id=28932, stack(0x000000080dc00000,0x000000080dd00000)]

Other Threads:
=>0x000001e37f637500 VMThread "VM Thread" [stack: 0x000000080c700000,0x000000080c800000] [id=16752]
  0x000001e341574450 WatcherThread [stack: 0x000000080d200000,0x000000080d300000] [id=26172]
  0x000001e35cddf160 GCTaskThread "GC Thread#0" [stack: 0x000000080c200000,0x000000080c300000] [id=30332]
  0x000001e3416b2e80 GCTaskThread "GC Thread#1" [stack: 0x000000080d500000,0x000000080d600000] [id=7836]
  0x000001e3416b3130 GCTaskThread "GC Thread#2" [stack: 0x000000080d600000,0x000000080d700000] [id=25220]
  0x000001e34171eb60 GCTaskThread "GC Thread#3" [stack: 0x000000080d700000,0x000000080d800000] [id=28880]
  0x000001e34171ee10 GCTaskThread "GC Thread#4" [stack: 0x000000080d800000,0x000000080d900000] [id=31256]
  0x000001e34171f0c0 GCTaskThread "GC Thread#5" [stack: 0x000000080d900000,0x000000080da00000] [id=20136]
  0x000001e35cdf0ec0 ConcurrentGCThread "G1 Main Marker" [stack: 0x000000080c300000,0x000000080c400000] [id=26364]
  0x000001e35cdf17e0 ConcurrentGCThread "G1 Conc#0" [stack: 0x000000080c400000,0x000000080c500000] [id=19832]
  0x000001e37f5024c0 ConcurrentGCThread "G1 Refine#0" [stack: 0x000000080c500000,0x000000080c600000] [id=32064]
  0x000001e341ae8d60 ConcurrentGCThread "G1 Refine#1" [stack: 0x000000080d400000,0x000000080d500000] [id=31788]
  0x000001e341ae9040 ConcurrentGCThread "G1 Refine#2" [stack: 0x000000080da00000,0x000000080db00000] [id=22308]
  0x000001e3419992f0 ConcurrentGCThread "G1 Refine#3" [stack: 0x000000080db00000,0x000000080dc00000] [id=31252]
  0x000001e37f502df0 ConcurrentGCThread "G1 Service" [stack: 0x000000080c600000,0x000000080c700000] [id=26944]

Threads with active compile tasks:
C2 CompilerThread0     1805  775       4       net.sourceforge.pinyin4j.PinyinHelper::getFormattedHanyuPinyinStringArray (38 bytes)
C1 CompilerThread0     1805  806 %     3       main.Mains::convertToPinyin @ 45 (144 bytes)
C2 CompilerThread1     1805  799       4       java.lang.String::split (327 bytes)

VM state: at safepoint (normal execution)

VM Mutex/Monitor currently owned by a thread:  ([mutex/lock_event])
[0x000001e35cd8a440] Threads_lock - owner thread: 0x000001e37f637500
[0x000001e35cd8a4d0] Heap_lock - owner thread: 0x000001e35cd8f840

Heap address: 0x0000000701000000, size: 4080 MB, Compressed Oops mode: Zero based, Oop shift amount: 3

CDS archive(s) mapped at: [0x000001e300000000-0x000001e300bc0000-0x000001e300bc0000), size 12320768, SharedBaseAddress: 0x000001e300000000, ArchiveRelocationMode: 0.
Compressed class space mapped at: 0x000001e300c00000-0x000001e340c00000, reserved size: 1073741824
Narrow klass base: 0x000001e300000000, Narrow klass shift: 0, Narrow klass range: 0x100000000

GC Precious Log:
 CPUs: 6 total, 6 available
 Memory: 16317M
 Large Page Support: Disabled
 NUMA Support: Disabled
 Compressed Oops: Enabled (Zero based)
 Heap Region Size: 2M
 Heap Min Capacity: 8M
 Heap Initial Capacity: 256M
 Heap Max Capacity: 4080M
 Pre-touch: Disabled
 Parallel Workers: 6
 Concurrent Workers: 2
 Concurrent Refinement Workers: 6
 Periodic GC: Disabled

Heap:
 garbage-first heap   total 262144K, used 36723K [0x0000000701000000, 0x0000000800000000)
  region size 2048K, 2 young (4096K), 2 survivors (4096K)
 Metaspace       used 2328K, committed 2496K, reserved 1056768K
  class space    used 237K, committed 320K, reserved 1048576K

Heap Regions: E=young(eden), S=young(survivor), O=old, HS=humongous(starts), HC=humongous(continues), CS=collection set, F=free, OA=open archive, CA=closed archive, TAMS=top-at-mark-start (previous, next)
|   0|0x0000000701000000, 0x0000000701200000, 0x0000000701200000|100%|HS|  |TAMS 0x0000000701000000, 0x0000000701000000| Complete 
|   1|0x0000000701200000, 0x0000000701400000, 0x0000000701400000|100%| O|  |TAMS 0x0000000701200000, 0x0000000701200000| Untracked 
|   2|0x0000000701400000, 0x0000000701600000, 0x0000000701600000|100%| O|  |TAMS 0x0000000701400000, 0x0000000701400000| Untracked 
|   3|0x0000000701600000, 0x0000000701800000, 0x0000000701800000|100%| O|  |TAMS 0x0000000701600000, 0x0000000701600000| Untracked 
|   4|0x0000000701800000, 0x0000000701a00000, 0x0000000701a00000|100%| O|  |TAMS 0x0000000701800000, 0x0000000701800000| Untracked 
|   5|0x0000000701a00000, 0x0000000701c00000, 0x0000000701c00000|100%| O|  |TAMS 0x0000000701a00000, 0x0000000701a00000| Untracked 
|   6|0x0000000701c00000, 0x0000000701e00000, 0x0000000701e00000|100%| O|  |TAMS 0x0000000701c00000, 0x0000000701c00000| Untracked 
|   7|0x0000000701e00000, 0x0000000702000000, 0x0000000702000000|100%| O|  |TAMS 0x0000000701e00000, 0x0000000701e00000| Untracked 
|   8|0x0000000702000000, 0x0000000702200000, 0x0000000702200000|100%|HS|  |TAMS 0x0000000702000000, 0x0000000702000000| Complete 
|   9|0x0000000702200000, 0x0000000702400000, 0x0000000702400000|100%| O|  |TAMS 0x0000000702200000, 0x0000000702200000| Untracked 
|  10|0x0000000702400000, 0x0000000702600000, 0x0000000702600000|100%| O|  |TAMS 0x0000000702400000, 0x0000000702400000| Untracked 
|  11|0x0000000702600000, 0x0000000702800000, 0x0000000702800000|100%| O|  |TAMS 0x0000000702600000, 0x0000000702600000| Untracked 
|  12|0x0000000702800000, 0x0000000702a00000, 0x0000000702a00000|100%| O|  |TAMS 0x0000000702800000, 0x0000000702800000| Untracked 
|  13|0x0000000702a00000, 0x0000000702c00000, 0x0000000702c00000|100%| O|  |TAMS 0x0000000702a00000, 0x0000000702a00000| Untracked 
|  14|0x0000000702c00000, 0x0000000702e00000, 0x0000000702e00000|100%| O|  |TAMS 0x0000000702c00000, 0x0000000702c00000| Untracked 
|  15|0x0000000702e00000, 0x0000000703000000, 0x0000000703000000|100%| O|  |TAMS 0x0000000702e00000, 0x0000000702e00000| Untracked 
|  16|0x0000000703000000, 0x000000070307e200, 0x0000000703200000| 24%| O|  |TAMS 0x0000000703000000, 0x0000000703000000| Untracked 
|  17|0x0000000703200000, 0x0000000703200000, 0x0000000703400000|  0%| F|  |TAMS 0x0000000703200000, 0x0000000703200000| Untracked 
|  18|0x0000000703400000, 0x0000000703400000, 0x0000000703600000|  0%| F|  |TAMS 0x0000000703400000, 0x0000000703400000| Untracked 
|  19|0x0000000703600000, 0x0000000703600000, 0x0000000703800000|  0%| F|  |TAMS 0x0000000703600000, 0x0000000703600000| Untracked 
|  20|0x0000000703800000, 0x0000000703800000, 0x0000000703a00000|  0%| F|  |TAMS 0x0000000703800000, 0x0000000703800000| Untracked 
|  21|0x0000000703a00000, 0x0000000703a00000, 0x0000000703c00000|  0%| F|  |TAMS 0x0000000703a00000, 0x0000000703a00000| Untracked 
|  22|0x0000000703c00000, 0x0000000703c00000, 0x0000000703e00000|  0%| F|  |TAMS 0x0000000703c00000, 0x0000000703c00000| Untracked 
|  23|0x0000000703e00000, 0x0000000703e00000, 0x0000000704000000|  0%| F|  |TAMS 0x0000000703e00000, 0x0000000703e00000| Untracked 
|  24|0x0000000704000000, 0x0000000704000000, 0x0000000704200000|  0%| F|  |TAMS 0x0000000704000000, 0x0000000704000000| Untracked 
|  25|0x0000000704200000, 0x0000000704200000, 0x0000000704400000|  0%| F|  |TAMS 0x0000000704200000, 0x0000000704200000| Untracked 
|  26|0x0000000704400000, 0x0000000704400000, 0x0000000704600000|  0%| F|  |TAMS 0x0000000704400000, 0x0000000704400000| Untracked 
|  27|0x0000000704600000, 0x0000000704600000, 0x0000000704800000|  0%| F|  |TAMS 0x0000000704600000, 0x0000000704600000| Untracked 
|  28|0x0000000704800000, 0x0000000704800000, 0x0000000704a00000|  0%| F|  |TAMS 0x0000000704800000, 0x0000000704800000| Untracked 
|  29|0x0000000704a00000, 0x0000000704a00000, 0x0000000704c00000|  0%| F|  |TAMS 0x0000000704a00000, 0x0000000704a00000| Untracked 
|  30|0x0000000704c00000, 0x0000000704c00000, 0x0000000704e00000|  0%| F|  |TAMS 0x0000000704c00000, 0x0000000704c00000| Untracked 
|  31|0x0000000704e00000, 0x0000000704e00000, 0x0000000705000000|  0%| F|  |TAMS 0x0000000704e00000, 0x0000000704e00000| Untracked 
|  32|0x0000000705000000, 0x0000000705000000, 0x0000000705200000|  0%| F|  |TAMS 0x0000000705000000, 0x0000000705000000| Untracked 
|  33|0x0000000705200000, 0x0000000705200000, 0x0000000705400000|  0%| F|  |TAMS 0x0000000705200000, 0x0000000705200000| Untracked 
|  34|0x0000000705400000, 0x0000000705400000, 0x0000000705600000|  0%| F|  |TAMS 0x0000000705400000, 0x0000000705400000| Untracked 
|  35|0x0000000705600000, 0x0000000705600000, 0x0000000705800000|  0%| F|  |TAMS 0x0000000705600000, 0x0000000705600000| Untracked 
|  36|0x0000000705800000, 0x0000000705800000, 0x0000000705a00000|  0%| F|  |TAMS 0x0000000705800000, 0x0000000705800000| Untracked 
|  37|0x0000000705a00000, 0x0000000705a00000, 0x0000000705c00000|  0%| F|  |TAMS 0x0000000705a00000, 0x0000000705a00000| Untracked 
|  38|0x0000000705c00000, 0x0000000705c00000, 0x0000000705e00000|  0%| F|  |TAMS 0x0000000705c00000, 0x0000000705c00000| Untracked 
|  39|0x0000000705e00000, 0x0000000705e00000, 0x0000000706000000|  0%| F|  |TAMS 0x0000000705e00000, 0x0000000705e00000| Untracked 
|  40|0x0000000706000000, 0x0000000706000000, 0x0000000706200000|  0%| F|  |TAMS 0x0000000706000000, 0x0000000706000000| Untracked 
|  41|0x0000000706200000, 0x0000000706200000, 0x0000000706400000|  0%| F|  |TAMS 0x0000000706200000, 0x0000000706200000| Untracked 
|  42|0x0000000706400000, 0x0000000706400000, 0x0000000706600000|  0%| F|  |TAMS 0x0000000706400000, 0x0000000706400000| Untracked 
|  43|0x0000000706600000, 0x0000000706600000, 0x0000000706800000|  0%| F|  |TAMS 0x0000000706600000, 0x0000000706600000| Untracked 
|  44|0x0000000706800000, 0x0000000706800000, 0x0000000706a00000|  0%| F|  |TAMS 0x0000000706800000, 0x0000000706800000| Untracked 
|  45|0x0000000706a00000, 0x0000000706a00000, 0x0000000706c00000|  0%| F|  |TAMS 0x0000000706a00000, 0x0000000706a00000| Untracked 
|  46|0x0000000706c00000, 0x0000000706c00000, 0x0000000706e00000|  0%| F|  |TAMS 0x0000000706c00000, 0x0000000706c00000| Untracked 
|  47|0x0000000706e00000, 0x0000000706e00000, 0x0000000707000000|  0%| F|  |TAMS 0x0000000706e00000, 0x0000000706e00000| Untracked 
|  48|0x0000000707000000, 0x0000000707000000, 0x0000000707200000|  0%| F|  |TAMS 0x0000000707000000, 0x0000000707000000| Untracked 
|  49|0x0000000707200000, 0x0000000707200000, 0x0000000707400000|  0%| F|  |TAMS 0x0000000707200000, 0x0000000707200000| Untracked 
|  50|0x0000000707400000, 0x0000000707400000, 0x0000000707600000|  0%| F|  |TAMS 0x0000000707400000, 0x0000000707400000| Untracked 
|  51|0x0000000707600000, 0x0000000707600000, 0x0000000707800000|  0%| F|  |TAMS 0x0000000707600000, 0x0000000707600000| Untracked 
|  52|0x0000000707800000, 0x0000000707800000, 0x0000000707a00000|  0%| F|  |TAMS 0x0000000707800000, 0x0000000707800000| Untracked 
|  53|0x0000000707a00000, 0x0000000707a00000, 0x0000000707c00000|  0%| F|  |TAMS 0x0000000707a00000, 0x0000000707a00000| Untracked 
|  54|0x0000000707c00000, 0x0000000707c00000, 0x0000000707e00000|  0%| F|  |TAMS 0x0000000707c00000, 0x0000000707c00000| Untracked 
|  55|0x0000000707e00000, 0x0000000707e00000, 0x0000000708000000|  0%| F|  |TAMS 0x0000000707e00000, 0x0000000707e00000| Untracked 
|  56|0x0000000708000000, 0x0000000708000000, 0x0000000708200000|  0%| F|  |TAMS 0x0000000708000000, 0x0000000708000000| Untracked 
|  57|0x0000000708200000, 0x0000000708200000, 0x0000000708400000|  0%| F|  |TAMS 0x0000000708200000, 0x0000000708200000| Untracked 
|  58|0x0000000708400000, 0x0000000708400000, 0x0000000708600000|  0%| F|  |TAMS 0x0000000708400000, 0x0000000708400000| Untracked 
|  59|0x0000000708600000, 0x0000000708600000, 0x0000000708800000|  0%| F|  |TAMS 0x0000000708600000, 0x0000000708600000| Untracked 
|  60|0x0000000708800000, 0x0000000708800000, 0x0000000708a00000|  0%| F|  |TAMS 0x0000000708800000, 0x0000000708800000| Untracked 
|  61|0x0000000708a00000, 0x0000000708a00000, 0x0000000708c00000|  0%| F|  |TAMS 0x0000000708a00000, 0x0000000708a00000| Untracked 
|  62|0x0000000708c00000, 0x0000000708c00000, 0x0000000708e00000|  0%| F|  |TAMS 0x0000000708c00000, 0x0000000708c00000| Untracked 
|  63|0x0000000708e00000, 0x0000000708e00000, 0x0000000709000000|  0%| F|  |TAMS 0x0000000708e00000, 0x0000000708e00000| Untracked 
|  64|0x0000000709000000, 0x0000000709000000, 0x0000000709200000|  0%| F|  |TAMS 0x0000000709000000, 0x0000000709000000| Untracked 
|  65|0x0000000709200000, 0x0000000709200000, 0x0000000709400000|  0%| F|  |TAMS 0x0000000709200000, 0x0000000709200000| Untracked 
|  66|0x0000000709400000, 0x0000000709400000, 0x0000000709600000|  0%| F|  |TAMS 0x0000000709400000, 0x0000000709400000| Untracked 
|  67|0x0000000709600000, 0x0000000709600000, 0x0000000709800000|  0%| F|  |TAMS 0x0000000709600000, 0x0000000709600000| Untracked 
|  68|0x0000000709800000, 0x0000000709800000, 0x0000000709a00000|  0%| F|  |TAMS 0x0000000709800000, 0x0000000709800000| Untracked 
|  69|0x0000000709a00000, 0x0000000709a00000, 0x0000000709c00000|  0%| F|  |TAMS 0x0000000709a00000, 0x0000000709a00000| Untracked 
|  70|0x0000000709c00000, 0x0000000709c00000, 0x0000000709e00000|  0%| F|  |TAMS 0x0000000709c00000, 0x0000000709c00000| Untracked 
|  71|0x0000000709e00000, 0x0000000709e00000, 0x000000070a000000|  0%| F|  |TAMS 0x0000000709e00000, 0x0000000709e00000| Untracked 
|  72|0x000000070a000000, 0x000000070a000000, 0x000000070a200000|  0%| F|  |TAMS 0x000000070a000000, 0x000000070a000000| Untracked 
|  73|0x000000070a200000, 0x000000070a200000, 0x000000070a400000|  0%| F|  |TAMS 0x000000070a200000, 0x000000070a200000| Untracked 
|  74|0x000000070a400000, 0x000000070a400000, 0x000000070a600000|  0%| F|  |TAMS 0x000000070a400000, 0x000000070a400000| Untracked 
|  75|0x000000070a600000, 0x000000070a600000, 0x000000070a800000|  0%| F|  |TAMS 0x000000070a600000, 0x000000070a600000| Untracked 
|  76|0x000000070a800000, 0x000000070a800000, 0x000000070aa00000|  0%| F|  |TAMS 0x000000070a800000, 0x000000070a800000| Untracked 
|  77|0x000000070aa00000, 0x000000070aa00000, 0x000000070ac00000|  0%| F|  |TAMS 0x000000070aa00000, 0x000000070aa00000| Untracked 
|  78|0x000000070ac00000, 0x000000070ac00000, 0x000000070ae00000|  0%| F|  |TAMS 0x000000070ac00000, 0x000000070ac00000| Untracked 
|  79|0x000000070ae00000, 0x000000070ae00000, 0x000000070b000000|  0%| F|  |TAMS 0x000000070ae00000, 0x000000070ae00000| Untracked 
|  80|0x000000070b000000, 0x000000070b000000, 0x000000070b200000|  0%| F|  |TAMS 0x000000070b000000, 0x000000070b000000| Untracked 
|  81|0x000000070b200000, 0x000000070b200000, 0x000000070b400000|  0%| F|  |TAMS 0x000000070b200000, 0x000000070b200000| Untracked 
|  82|0x000000070b400000, 0x000000070b400000, 0x000000070b600000|  0%| F|  |TAMS 0x000000070b400000, 0x000000070b400000| Untracked 
|  83|0x000000070b600000, 0x000000070b600000, 0x000000070b800000|  0%| F|  |TAMS 0x000000070b600000, 0x000000070b600000| Untracked 
|  84|0x000000070b800000, 0x000000070b800000, 0x000000070ba00000|  0%| F|  |TAMS 0x000000070b800000, 0x000000070b800000| Untracked 
|  85|0x000000070ba00000, 0x000000070ba00000, 0x000000070bc00000|  0%| F|  |TAMS 0x000000070ba00000, 0x000000070ba00000| Untracked 
|  86|0x000000070bc00000, 0x000000070bc00000, 0x000000070be00000|  0%| F|  |TAMS 0x000000070bc00000, 0x000000070bc00000| Untracked 
|  87|0x000000070be00000, 0x000000070be00000, 0x000000070c000000|  0%| F|  |TAMS 0x000000070be00000, 0x000000070be00000| Untracked 
|  88|0x000000070c000000, 0x000000070c000000, 0x000000070c200000|  0%| F|  |TAMS 0x000000070c000000, 0x000000070c000000| Untracked 
|  89|0x000000070c200000, 0x000000070c200000, 0x000000070c400000|  0%| F|  |TAMS 0x000000070c200000, 0x000000070c200000| Untracked 
|  90|0x000000070c400000, 0x000000070c400000, 0x000000070c600000|  0%| F|  |TAMS 0x000000070c400000, 0x000000070c400000| Untracked 
|  91|0x000000070c600000, 0x000000070c600000, 0x000000070c800000|  0%| F|  |TAMS 0x000000070c600000, 0x000000070c600000| Untracked 
|  92|0x000000070c800000, 0x000000070c800000, 0x000000070ca00000|  0%| F|  |TAMS 0x000000070c800000, 0x000000070c800000| Untracked 
|  93|0x000000070ca00000, 0x000000070ca00000, 0x000000070cc00000|  0%| F|  |TAMS 0x000000070ca00000, 0x000000070ca00000| Untracked 
|  94|0x000000070cc00000, 0x000000070cc00000, 0x000000070ce00000|  0%| F|  |TAMS 0x000000070cc00000, 0x000000070cc00000| Untracked 
|  95|0x000000070ce00000, 0x000000070ce00000, 0x000000070d000000|  0%| F|  |TAMS 0x000000070ce00000, 0x000000070ce00000| Untracked 
|  96|0x000000070d000000, 0x000000070d000000, 0x000000070d200000|  0%| F|  |TAMS 0x000000070d000000, 0x000000070d000000| Untracked 
|  97|0x000000070d200000, 0x000000070d200000, 0x000000070d400000|  0%| F|  |TAMS 0x000000070d200000, 0x000000070d200000| Untracked 
|  98|0x000000070d400000, 0x000000070d400000, 0x000000070d600000|  0%| F|  |TAMS 0x000000070d400000, 0x000000070d400000| Untracked 
|  99|0x000000070d600000, 0x000000070d75eca0, 0x000000070d800000| 68%| S|CS|TAMS 0x000000070d600000, 0x000000070d600000| Complete 
| 100|0x000000070d800000, 0x000000070da00000, 0x000000070da00000|100%| S|CS|TAMS 0x000000070d800000, 0x000000070d800000| Complete 
| 101|0x000000070da00000, 0x000000070da00000, 0x000000070dc00000|  0%| F|  |TAMS 0x000000070da00000, 0x000000070da00000| Untracked 
| 102|0x000000070dc00000, 0x000000070dc00000, 0x000000070de00000|  0%| F|  |TAMS 0x000000070dc00000, 0x000000070dc00000| Untracked 
| 103|0x000000070de00000, 0x000000070de00000, 0x000000070e000000|  0%| F|  |TAMS 0x000000070de00000, 0x000000070de00000| Untracked 
| 104|0x000000070e000000, 0x000000070e000000, 0x000000070e200000|  0%| F|  |TAMS 0x000000070e000000, 0x000000070e000000| Untracked 
| 105|0x000000070e200000, 0x000000070e200000, 0x000000070e400000|  0%| F|  |TAMS 0x000000070e200000, 0x000000070e200000| Untracked 
| 106|0x000000070e400000, 0x000000070e400000, 0x000000070e600000|  0%| F|  |TAMS 0x000000070e400000, 0x000000070e400000| Untracked 
| 107|0x000000070e600000, 0x000000070e600000, 0x000000070e800000|  0%| F|  |TAMS 0x000000070e600000, 0x000000070e600000| Untracked 
| 108|0x000000070e800000, 0x000000070e800000, 0x000000070ea00000|  0%| F|  |TAMS 0x000000070e800000, 0x000000070e800000| Untracked 
| 109|0x000000070ea00000, 0x000000070ea00000, 0x000000070ec00000|  0%| F|  |TAMS 0x000000070ea00000, 0x000000070ea00000| Untracked 
| 110|0x000000070ec00000, 0x000000070ec00000, 0x000000070ee00000|  0%| F|  |TAMS 0x000000070ec00000, 0x000000070ec00000| Untracked 
| 111|0x000000070ee00000, 0x000000070ee00000, 0x000000070f000000|  0%| F|  |TAMS 0x000000070ee00000, 0x000000070ee00000| Untracked 
| 112|0x000000070f000000, 0x000000070f000000, 0x000000070f200000|  0%| F|  |TAMS 0x000000070f000000, 0x000000070f000000| Untracked 
| 113|0x000000070f200000, 0x000000070f200000, 0x000000070f400000|  0%| F|  |TAMS 0x000000070f200000, 0x000000070f200000| Untracked 
| 114|0x000000070f400000, 0x000000070f400000, 0x000000070f600000|  0%| F|  |TAMS 0x000000070f400000, 0x000000070f400000| Untracked 
| 115|0x000000070f600000, 0x000000070f600000, 0x000000070f800000|  0%| F|  |TAMS 0x000000070f600000, 0x000000070f600000| Untracked 
| 116|0x000000070f800000, 0x000000070f800000, 0x000000070fa00000|  0%| F|  |TAMS 0x000000070f800000, 0x000000070f800000| Untracked 
| 117|0x000000070fa00000, 0x000000070fa00000, 0x000000070fc00000|  0%| F|  |TAMS 0x000000070fa00000, 0x000000070fa00000| Untracked 
| 118|0x000000070fc00000, 0x000000070fc00000, 0x000000070fe00000|  0%| F|  |TAMS 0x000000070fc00000, 0x000000070fc00000| Untracked 
| 119|0x000000070fe00000, 0x000000070fe00000, 0x0000000710000000|  0%| F|  |TAMS 0x000000070fe00000, 0x000000070fe00000| Untracked 
| 120|0x0000000710000000, 0x0000000710000000, 0x0000000710200000|  0%| F|  |TAMS 0x0000000710000000, 0x0000000710000000| Untracked 
| 121|0x0000000710200000, 0x0000000710200000, 0x0000000710400000|  0%| F|  |TAMS 0x0000000710200000, 0x0000000710200000| Untracked 
| 122|0x0000000710400000, 0x0000000710400000, 0x0000000710600000|  0%| F|  |TAMS 0x0000000710400000, 0x0000000710400000| Untracked 
| 123|0x0000000710600000, 0x0000000710600000, 0x0000000710800000|  0%| F|  |TAMS 0x0000000710600000, 0x0000000710600000| Untracked 
| 124|0x0000000710800000, 0x0000000710800000, 0x0000000710a00000|  0%| F|  |TAMS 0x0000000710800000, 0x0000000710800000| Untracked 
| 125|0x0000000710a00000, 0x0000000710a00000, 0x0000000710c00000|  0%| F|  |TAMS 0x0000000710a00000, 0x0000000710a00000| Untracked 
| 126|0x0000000710c00000, 0x0000000710c00000, 0x0000000710e00000|  0%| F|  |TAMS 0x0000000710c00000, 0x0000000710c00000| Untracked 
| 127|0x0000000710e00000, 0x0000000710e00000, 0x0000000711000000|  0%| F|  |TAMS 0x0000000710e00000, 0x0000000710e00000| Untracked 

Card table byte_map: [0x000001e373eb0000,0x000001e3746b0000] _byte_map_base: 0x000001e3706a8000

Marking Bits (Prev, Next): (CMBitMap*) 0x000001e35cde0690, (CMBitMap*) 0x000001e35cde06d0
 Prev Bits: [0x000001e374eb0000, 0x000001e378e70000)
 Next Bits: [0x000001e378e70000, 0x000001e37ce30000)

Polling page: 0x000001e35aca0000

Metaspace:

Usage:
  Non-class:      2.04 MB used.
      Class:    237.50 KB used.
       Both:      2.27 MB used.

Virtual space:
  Non-class space:        8.00 MB reserved,       2.12 MB ( 27%) committed,  1 nodes.
      Class space:        1.00 GB reserved,     320.00 KB ( <1%) committed,  1 nodes.
             Both:        1.01 GB reserved,       2.44 MB ( <1%) committed. 

Chunk freelists:
   Non-Class:  3.42 MB
       Class:  3.64 MB
        Both:  7.06 MB

MaxMetaspaceSize: unlimited
CompressedClassSpaceSize: 1.00 GB
Initial GC threshold: 21.00 MB
Current GC threshold: 21.00 MB
CDS: on
MetaspaceReclaimPolicy: balanced
 - commit_granule_bytes: 65536.
 - commit_granule_words: 8192.
 - virtual_space_node_default_size: 1048576.
 - enlarge_chunks_in_place: 1.
 - new_chunks_are_fully_committed: 0.
 - uncommit_free_chunks: 1.
 - use_allocation_guard: 0.
 - handle_deallocations: 1.


Internal statistics:

num_allocs_failed_limit: 0.
num_arena_births: 22.
num_arena_deaths: 0.
num_vsnodes_births: 2.
num_vsnodes_deaths: 0.
num_space_committed: 39.
num_space_uncommitted: 0.
num_chunks_returned_to_freelist: 0.
num_chunks_taken_from_freelist: 60.
num_chunk_merges: 0.
num_chunk_splits: 36.
num_chunks_enlarged: 28.
num_purges: 0.
num_inconsistent_stats: 0.

CodeHeap 'non-profiled nmethods': size=120000Kb used=371Kb max_used=371Kb free=119628Kb
 bounds [0x000001e36c070000, 0x000001e36c2e0000, 0x000001e3735a0000]
CodeHeap 'profiled nmethods': size=120000Kb used=1483Kb max_used=1483Kb free=118516Kb
 bounds [0x000001e364b40000, 0x000001e364db0000, 0x000001e36c070000]
CodeHeap 'non-nmethods': size=5760Kb used=1134Kb max_used=1169Kb free=4625Kb
 bounds [0x000001e3645a0000, 0x000001e364810000, 0x000001e364b40000]
 total_blobs=1206 nmethods=786 adapters=333
 compilation: enabled
              stopped_count=0, restarted_count=0
 full_count=0

Compilation events (20 events):
Event: 1.625 Thread 0x000001e3419d5570  792       4       java.lang.String::valueOf (15 bytes)
Event: 1.625 Thread 0x000001e3419d5570 nmethod 792 0x000001e36c0c5b90 code [0x000001e36c0c5d00, 0x000001e36c0c5d98]
Event: 1.625 Thread 0x000001e3419d5570  789       4       java.lang.Integer::numberOfLeadingZeros (79 bytes)
Event: 1.625 Thread 0x000001e3419d5570 nmethod 789 0x000001e36c0c5e90 code [0x000001e36c0c6000, 0x000001e36c0c60b8]
Event: 1.625 Thread 0x000001e3419d5570  774       4       java.huskySort.util.Properties::getProperty (50 bytes)
Event: 1.633 Thread 0x000001e3419d5570 nmethod 774 0x000001e36c0c6190 code [0x000001e36c0c6340, 0x000001e36c0c6b78]
Event: 1.633 Thread 0x000001e3419d5570  790       4       java.lang.StringBuilder::<init> (6 bytes)
Event: 1.640 Thread 0x000001e3419d5570 nmethod 790 0x000001e36c0c7090 code [0x000001e36c0c7240, 0x000001e36c0c7c08]
Event: 1.640 Thread 0x000001e3419d5570  791       4       java.lang.AbstractStringBuilder::<init> (63 bytes)
Event: 1.646 Thread 0x000001e3419d5570 nmethod 791 0x000001e36c0c8110 code [0x000001e36c0c82c0, 0x000001e36c0c8c28]
Event: 1.646 Thread 0x000001e3419d5570  776       4       java.lang.Integer::toUnsignedString0 (76 bytes)
Event: 1.650 Thread 0x000001e3419d5570 nmethod 776 0x000001e36c0c9110 code [0x000001e36c0c92a0, 0x000001e36c0c9718]
Event: 1.650 Thread 0x000001e3419d5570  794       4       java.lang.String::lastIndexOf (18 bytes)
Event: 1.652 Thread 0x000001e3419d5570 nmethod 794 0x000001e36c0c9990 code [0x000001e36c0c9b20, 0x000001e36c0c9df8]
Event: 1.652 Thread 0x000001e3419d5570  795       4       java.lang.String::lastIndexOf (104 bytes)
Event: 1.654 Thread 0x000001e3419d5570 nmethod 795 0x000001e36c0ca110 code [0x000001e36c0ca2a0, 0x000001e36c0ca558]
Event: 1.654 Thread 0x000001e3419d5570  777       4       net.sourceforge.pinyin4j.PinyinHelper::toHanyuPinyinStringArray (6 bytes)
Event: 1.680 Thread 0x000001e3419d5570 nmethod 777 0x000001e36c0ca890 code [0x000001e36c0caac0, 0x000001e36c0cc0a8]
Event: 1.745 Thread 0x000001e3419d5570  799       4       java.lang.String::split (327 bytes)
Event: 1.758 Thread 0x000001e34149e3c0  806 %     3       main.Mains::convertToPinyin @ 45 (144 bytes)

GC Heap History (9 events):
Event: 0.629 GC heap before
{Heap before GC invocations=0 (full 0):
 garbage-first heap   total 262144K, used 22528K [0x0000000701000000, 0x0000000800000000)
  region size 2048K, 10 young (20480K), 0 survivors (0K)
 Metaspace       used 333K, committed 512K, reserved 1056768K
  class space    used 19K, committed 128K, reserved 1048576K
}
Event: 0.731 GC heap after
{Heap after GC invocations=1 (full 0):
 garbage-first heap   total 262144K, used 12144K [0x0000000701000000, 0x0000000800000000)
  region size 2048K, 2 young (4096K), 2 survivors (4096K)
 Metaspace       used 333K, committed 512K, reserved 1056768K
  class space    used 19K, committed 128K, reserved 1048576K
}
Event: 0.740 GC heap before
{Heap before GC invocations=1 (full 0):
 garbage-first heap   total 262144K, used 22384K [0x0000000701000000, 0x0000000800000000)
  region size 2048K, 7 young (14336K), 2 survivors (4096K)
 Metaspace       used 337K, committed 512K, reserved 1056768K
  class space    used 19K, committed 128K, reserved 1048576K
}
Event: 0.747 GC heap after
{Heap after GC invocations=2 (full 0):
 garbage-first heap   total 262144K, used 17975K [0x0000000701000000, 0x0000000800000000)
  region size 2048K, 1 young (2048K), 1 survivors (2048K)
 Metaspace       used 337K, committed 512K, reserved 1056768K
  class space    used 19K, committed 128K, reserved 1048576K
}
Event: 1.328 GC heap before
{Heap before GC invocations=2 (full 0):
 garbage-first heap   total 262144K, used 44599K [0x0000000701000000, 0x0000000800000000)
  region size 2048K, 13 young (26624K), 1 survivors (2048K)
 Metaspace       used 2206K, committed 2368K, reserved 1056768K
  class space    used 236K, committed 320K, reserved 1048576K
}
Event: 1.338 GC heap after
{Heap after GC invocations=3 (full 0):
 garbage-first heap   total 262144K, used 32524K [0x0000000701000000, 0x0000000800000000)
  region size 2048K, 2 young (4096K), 2 survivors (4096K)
 Metaspace       used 2206K, committed 2368K, reserved 1056768K
  class space    used 236K, committed 320K, reserved 1048576K
}
Event: 1.576 GC heap before
{Heap before GC invocations=3 (full 0):
 garbage-first heap   total 262144K, used 63244K [0x0000000701000000, 0x0000000800000000)
  region size 2048K, 17 young (34816K), 2 survivors (4096K)
 Metaspace       used 2326K, committed 2496K, reserved 1056768K
  class space    used 237K, committed 320K, reserved 1048576K
}
Event: 1.581 GC heap after
{Heap after GC invocations=4 (full 0):
 garbage-first heap   total 262144K, used 35677K [0x0000000701000000, 0x0000000800000000)
  region size 2048K, 3 young (6144K), 3 survivors (6144K)
 Metaspace       used 2326K, committed 2496K, reserved 1056768K
  class space    used 237K, committed 320K, reserved 1048576K
}
Event: 1.759 GC heap before
{Heap before GC invocations=4 (full 0):
 garbage-first heap   total 262144K, used 84829K [0x0000000701000000, 0x0000000800000000)
  region size 2048K, 27 young (55296K), 3 survivors (6144K)
 Metaspace       used 2328K, committed 2496K, reserved 1056768K
  class space    used 237K, committed 320K, reserved 1048576K
}

Deoptimization events (20 events):
Event: 0.949 Thread 0x000001e35cd8f840 DEOPT PACKING pc=0x000001e364b57d67 sp=0x000000080c1fd420
Event: 0.949 Thread 0x000001e35cd8f840 DEOPT UNPACKING pc=0x000001e3645f2b43 sp=0x000000080c1fc840 mode 0
Event: 0.960 Thread 0x000001e35cd8f840 DEOPT PACKING pc=0x000001e364b46ed1 sp=0x000000080c1f84d0
Event: 0.960 Thread 0x000001e35cd8f840 DEOPT UNPACKING pc=0x000001e3645f2b43 sp=0x000000080c1f7948 mode 0
Event: 1.150 Thread 0x000001e35cd8f840 Uncommon trap: trap_request=0xffffff45 fr.pc=0x000001e36c096b20 relative=0x0000000000000300
Event: 1.150 Thread 0x000001e35cd8f840 Uncommon trap: reason=unstable_if action=reinterpret pc=0x000001e36c096b20 method=java.huskySort.util.StringTokenizer.scanToken(I)I @ 42 c2
Event: 1.150 Thread 0x000001e35cd8f840 DEOPT PACKING pc=0x000001e36c096b20 sp=0x000000080c1fd780
Event: 1.150 Thread 0x000001e35cd8f840 DEOPT UNPACKING pc=0x000001e3645f23a3 sp=0x000000080c1fd710 mode 2
Event: 1.235 Thread 0x000001e35cd8f840 Uncommon trap: trap_request=0xffffff45 fr.pc=0x000001e36c076f50 relative=0x0000000000000ad0
Event: 1.235 Thread 0x000001e35cd8f840 Uncommon trap: reason=unstable_if action=reinterpret pc=0x000001e36c076f50 method=java.io.BufferedReader.readLine(Z[Z)Ljava/lang/String; @ 33 c2
Event: 1.235 Thread 0x000001e35cd8f840 DEOPT PACKING pc=0x000001e36c076f50 sp=0x000000080c1feda0
Event: 1.235 Thread 0x000001e35cd8f840 DEOPT UNPACKING pc=0x000001e3645f23a3 sp=0x000000080c1fed58 mode 2
Event: 1.236 Thread 0x000001e35cd8f840 DEOPT PACKING pc=0x000001e364b87fe5 sp=0x000000080c1fdaa0
Event: 1.236 Thread 0x000001e35cd8f840 DEOPT UNPACKING pc=0x000001e3645f2b43 sp=0x000000080c1fcef0 mode 0
Event: 1.249 Thread 0x000001e35cd8f840 DEOPT PACKING pc=0x000001e364b87fe5 sp=0x000000080c1fd4d0
Event: 1.249 Thread 0x000001e35cd8f840 DEOPT UNPACKING pc=0x000001e3645f2b43 sp=0x000000080c1fc920 mode 0
Event: 1.745 Thread 0x000001e35cd8f840 Uncommon trap: trap_request=0xffffffcc fr.pc=0x000001e36c0c40bc relative=0x0000000000001b3c
Event: 1.745 Thread 0x000001e35cd8f840 Uncommon trap: reason=intrinsic_or_type_checked_inlining action=make_not_entrant pc=0x000001e36c0c40bc method=java.huskySort.util.ArrayList$SubList.toArray([Ljava/lang/Object;)[Ljava/lang/Object; @ 58 c2
Event: 1.745 Thread 0x000001e35cd8f840 DEOPT PACKING pc=0x000001e36c0c40bc sp=0x000000080c1ff160
Event: 1.745 Thread 0x000001e35cd8f840 DEOPT UNPACKING pc=0x000001e3645f23a3 sp=0x000000080c1ff098 mode 2

Classes unloaded (0 events):
No events

Classes redefined (0 events):
No events

Internal exceptions (20 events):
Event: 1.033 Thread 0x000001e35cd8f840 Exception <a 'java/lang/ClassNotFoundException'{0x000000070f863318}: java/lang/ObjectBeanInfo> (0x000000070f863318) 
thrown [t:\workspace\open\src\hotspot\share\classfile\systemDictionary.cpp, line 256]
Event: 1.034 Thread 0x000001e35cd8f840 Exception <a 'java/lang/ClassNotFoundException'{0x000000070f868648}: java/lang/ObjectCustomizer> (0x000000070f868648) 
thrown [t:\workspace\open\src\hotspot\share\classfile\systemDictionary.cpp, line 256]
Event: 1.038 Thread 0x000001e35cd8f840 Exception <a 'java/lang/NoSuchMethodError'{0x000000070f870b40}: 'java.lang.Object java.lang.invoke.DirectMethodHandle$Holder.invokeInterface(java.lang.Object, java.lang.Object)'> (0x000000070f870b40) 
thrown [t:\workspace\open\src\hotspot\share\interpreter\linkResolver.cpp, line 766]
Event: 1.038 Thread 0x000001e35cd8f840 Exception <a 'java/lang/IncompatibleClassChangeError'{0x000000070f8744a8}: Found class java.lang.Object, but interface was expected> (0x000000070f8744a8) 
thrown [t:\workspace\open\src\hotspot\share\interpreter\linkResolver.cpp, line 833]
Event: 1.044 Thread 0x000001e35cd8f840 Exception <a 'java/lang/ClassNotFoundException'{0x000000070f88e490}: org/apache/log4j/LayoutCustomizer> (0x000000070f88e490) 
thrown [t:\workspace\open\src\hotspot\share\classfile\systemDictionary.cpp, line 256]
Event: 1.046 Thread 0x000001e35cd8f840 Exception <a 'java/lang/ClassNotFoundException'{0x000000070f89e020}: org/apache/log4j/PatternLayoutCustomizer> (0x000000070f89e020) 
thrown [t:\workspace\open\src\hotspot\share\classfile\systemDictionary.cpp, line 256]
Event: 1.143 Thread 0x000001e35cd8f840 Exception <a 'java/lang/ClassNotFoundException'{0x000000070f9fdf78}: org/apache/log4j/ConsoleAppenderBeanInfo> (0x000000070f9fdf78) 
thrown [t:\workspace\open\src\hotspot\share\classfile\systemDictionary.cpp, line 256]
Event: 1.144 Thread 0x000001e35cd8f840 Exception <a 'java/lang/ClassNotFoundException'{0x000000070f600ad0}: org/apache/log4j/WriterAppenderBeanInfo> (0x000000070f600ad0) 
thrown [t:\workspace\open\src\hotspot\share\classfile\systemDictionary.cpp, line 256]
Event: 1.144 Thread 0x000001e35cd8f840 Exception <a 'java/lang/ClassNotFoundException'{0x000000070f603090}: org/apache/log4j/AppenderSkeletonBeanInfo> (0x000000070f603090) 
thrown [t:\workspace\open\src\hotspot\share\classfile\systemDictionary.cpp, line 256]
Event: 1.144 Thread 0x000001e35cd8f840 Exception <a 'java/lang/ClassNotFoundException'{0x000000070f6053a8}: org/apache/log4j/AppenderSkeletonCustomizer> (0x000000070f6053a8) 
thrown [t:\workspace\open\src\hotspot\share\classfile\systemDictionary.cpp, line 256]
Event: 1.146 Thread 0x000001e35cd8f840 Exception <a 'java/lang/ClassNotFoundException'{0x000000070f615068}: org/apache/log4j/WriterAppenderCustomizer> (0x000000070f615068) 
thrown [t:\workspace\open\src\hotspot\share\classfile\systemDictionary.cpp, line 256]
Event: 1.147 Thread 0x000001e35cd8f840 Exception <a 'java/lang/ClassNotFoundException'{0x000000070f621340}: org/apache/log4j/ConsoleAppenderCustomizer> (0x000000070f621340) 
thrown [t:\workspace\open\src\hotspot\share\classfile\systemDictionary.cpp, line 256]
Event: 1.152 Thread 0x000001e35cd8f840 Exception <a 'java/lang/ClassNotFoundException'{0x000000070f641de0}: org/apache/log4j/RollingFileAppenderBeanInfo> (0x000000070f641de0) 
thrown [t:\workspace\open\src\hotspot\share\classfile\systemDictionary.cpp, line 256]
Event: 1.152 Thread 0x000001e35cd8f840 Exception <a 'java/lang/ClassNotFoundException'{0x000000070f643dc8}: org/apache/log4j/FileAppenderBeanInfo> (0x000000070f643dc8) 
thrown [t:\workspace\open\src\hotspot\share\classfile\systemDictionary.cpp, line 256]
Event: 1.153 Thread 0x000001e35cd8f840 Exception <a 'java/lang/ClassNotFoundException'{0x000000070f645dc8}: org/apache/log4j/FileAppenderCustomizer> (0x000000070f645dc8) 
thrown [t:\workspace\open\src\hotspot\share\classfile\systemDictionary.cpp, line 256]
Event: 1.154 Thread 0x000001e35cd8f840 Exception <a 'java/lang/ClassNotFoundException'{0x000000070f651988}: org/apache/log4j/RollingFileAppenderCustomizer> (0x000000070f651988) 
thrown [t:\workspace\open\src\hotspot\share\classfile\systemDictionary.cpp, line 256]
Event: 1.248 Thread 0x000001e35cd8f840 Exception <a 'java/lang/NoSuchMethodError'{0x000000070f70c4c0}: 'long java.lang.invoke.DirectMethodHandle$Holder.invokeStaticInit(java.lang.Object, double)'> (0x000000070f70c4c0) 
thrown [t:\workspace\open\src\hotspot\share\interpreter\linkResolver.cpp, line 766]
Event: 1.250 Thread 0x000001e35cd8f840 Exception <a 'java/lang/NoSuchMethodError'{0x000000070f714d68}: 'long java.lang.invoke.DirectMethodHandle$Holder.invokeStatic(java.lang.Object, java.lang.Object)'> (0x000000070f714d68) 
thrown [t:\workspace\open\src\hotspot\share\interpreter\linkResolver.cpp, line 766]
Event: 1.250 Thread 0x000001e35cd8f840 Exception <a 'java/lang/NoSuchMethodError'{0x000000070f7183d8}: 'long java.lang.invoke.DirectMethodHandle$Holder.invokeStaticInit(java.lang.Object, java.lang.Object)'> (0x000000070f7183d8) 
thrown [t:\workspace\open\src\hotspot\share\interpreter\linkResolver.cpp, line 766]
Event: 1.251 Thread 0x000001e35cd8f840 Exception <a 'java/lang/NoSuchMethodError'{0x000000070f71e470}: 'long java.lang.invoke.DirectMethodHandle$Holder.invokeVirtual(java.lang.Object, java.lang.Object)'> (0x000000070f71e470) 
thrown [t:\workspace\open\src\hotspot\share\interpreter\linkResolver.cpp, line 766]

VM Operations (19 events):
Event: 0.511 Executing VM operation: HandshakeAllThreads
Event: 0.511 Executing VM operation: HandshakeAllThreads done
Event: 0.629 Executing VM operation: G1CollectForAllocation
Event: 0.731 Executing VM operation: G1CollectForAllocation done
Event: 0.740 Executing VM operation: G1CollectForAllocation
Event: 0.747 Executing VM operation: G1CollectForAllocation done
Event: 0.852 Executing VM operation: HandshakeAllThreads
Event: 0.852 Executing VM operation: HandshakeAllThreads done
Event: 0.956 Executing VM operation: HandshakeAllThreads
Event: 0.956 Executing VM operation: HandshakeAllThreads done
Event: 1.235 Executing VM operation: HandshakeAllThreads
Event: 1.235 Executing VM operation: HandshakeAllThreads done
Event: 1.321 Executing VM operation: HandshakeAllThreads
Event: 1.321 Executing VM operation: HandshakeAllThreads done
Event: 1.328 Executing VM operation: G1CollectForAllocation
Event: 1.338 Executing VM operation: G1CollectForAllocation done
Event: 1.576 Executing VM operation: G1CollectForAllocation
Event: 1.581 Executing VM operation: G1CollectForAllocation done
Event: 1.759 Executing VM operation: G1CollectForAllocation

Events (20 events):
Event: 1.235 loading class java/io/LineNumberReader done
Event: 1.235 loading class sun/nio/cs/UTF_32BE
Event: 1.236 loading class sun/nio/cs/UTF_32BE done
Event: 1.236 loading class sun/nio/cs/UTF_32LE
Event: 1.236 loading class sun/nio/cs/UTF_32LE done
Event: 1.320 loading class sun/net/www/protocol/jar/JarURLConnection
Event: 1.320 loading class java/net/JarURLConnection
Event: 1.320 loading class java/net/JarURLConnection done
Event: 1.320 loading class sun/net/www/protocol/jar/JarURLConnection done
Event: 1.320 loading class sun/net/www/protocol/jar/JarFileFactory
Event: 1.320 loading class sun/net/www/protocol/jar/URLJarFile$URLJarFileCloseController
Event: 1.320 loading class sun/net/www/protocol/jar/URLJarFile$URLJarFileCloseController done
Event: 1.320 loading class sun/net/www/protocol/jar/JarFileFactory done
Event: 1.321 loading class sun/net/www/protocol/jar/URLJarFile
Event: 1.321 loading class sun/net/www/protocol/jar/URLJarFile done
Event: 1.321 loading class sun/net/www/protocol/jar/URLJarFile$URLJarFileEntry
Event: 1.321 loading class sun/net/www/protocol/jar/URLJarFile$URLJarFileEntry done
Event: 1.321 loading class sun/net/www/protocol/jar/JarURLConnection$JarURLInputStream
Event: 1.321 loading class sun/net/www/protocol/jar/JarURLConnection$JarURLInputStream done
Event: 1.341 Thread 0x000001e3419d5570 Thread added: 0x000001e3419d5570


Dynamic libraries:
0x00007ff7b2490000 - 0x00007ff7b24a0000 	C:\Program Files\Java\jdk-17.0.1\bin\javaw.exe
0x00007fff95630000 - 0x00007fff95825000 	C:\Windows\SYSTEM32\ntdll.dll
0x00007fff936e0000 - 0x00007fff9379e000 	C:\Windows\System32\KERNEL32.DLL
0x00007fff92eb0000 - 0x00007fff93179000 	C:\Windows\System32\KERNELBASE.dll
0x00007fff93440000 - 0x00007fff93540000 	C:\Windows\System32\ucrtbase.dll
0x00007fff8e6a0000 - 0x00007fff8e6b8000 	C:\Program Files\Java\jdk-17.0.1\bin\jli.dll
0x00007fff93cf0000 - 0x00007fff93d9c000 	C:\Windows\System32\ADVAPI32.dll
0x00007fff93da0000 - 0x00007fff93e3e000 	C:\Windows\System32\msvcrt.dll
0x00007fff93990000 - 0x00007fff93a2b000 	C:\Windows\System32\sechost.dll
0x00007fff93850000 - 0x00007fff9397a000 	C:\Windows\System32\RPCRT4.dll
0x00007fff94540000 - 0x00007fff946e1000 	C:\Windows\System32\USER32.dll
0x00007fff93540000 - 0x00007fff93562000 	C:\Windows\System32\win32u.dll
0x00007fff95470000 - 0x00007fff9549b000 	C:\Windows\System32\GDI32.dll
0x00007fff93570000 - 0x00007fff9367b000 	C:\Windows\System32\gdi32full.dll
0x00007fff93320000 - 0x00007fff933bd000 	C:\Windows\System32\msvcp_win.dll
0x00007fff8e680000 - 0x00007fff8e69a000 	C:\Program Files\Java\jdk-17.0.1\bin\VCRUNTIME140.dll
0x00007fff7e500000 - 0x00007fff7e79a000 	C:\Windows\WinSxS\amd64_microsoft.windows.common-controls_6595b64144ccf1df_6.0.19041.1110_none_60b5254171f9507e\COMCTL32.dll
0x00007fff8bc40000 - 0x00007fff8bc4a000 	C:\Windows\SYSTEM32\VERSION.dll
0x00007fff94790000 - 0x00007fff947c0000 	C:\Windows\System32\IMM32.DLL
0x00007fff90280000 - 0x00007fff9028c000 	C:\Program Files\Java\jdk-17.0.1\bin\vcruntime140_1.dll
0x00007fff835a0000 - 0x00007fff8362d000 	C:\Program Files\Java\jdk-17.0.1\bin\msvcp140.dll
0x00007fff51070000 - 0x00007fff51c2e000 	C:\Program Files\Java\jdk-17.0.1\bin\server\jvm.dll
0x00007fff93980000 - 0x00007fff93988000 	C:\Windows\System32\PSAPI.DLL
0x00007fff7b640000 - 0x00007fff7b649000 	C:\Windows\SYSTEM32\WSOCK32.dll
0x00007fff93a30000 - 0x00007fff93a9b000 	C:\Windows\System32\WS2_32.dll
0x00007fff84c80000 - 0x00007fff84ca7000 	C:\Windows\SYSTEM32\WINMM.dll
0x00007fff915f0000 - 0x00007fff91602000 	C:\Windows\SYSTEM32\kernel.appcore.dll
0x00007fff90260000 - 0x00007fff9026a000 	C:\Program Files\Java\jdk-17.0.1\bin\jimage.dll
0x00007fff7a650000 - 0x00007fff7a834000 	C:\Windows\SYSTEM32\DBGHELP.DLL
0x00007fff7a5b0000 - 0x00007fff7a5dc000 	C:\Windows\SYSTEM32\dbgcore.DLL
0x00007fff93180000 - 0x00007fff93203000 	C:\Windows\System32\bcryptPrimitives.dll
0x00007fff8e540000 - 0x00007fff8e565000 	C:\Program Files\Java\jdk-17.0.1\bin\java.dll
0x00007fff7db70000 - 0x00007fff7dc46000 	C:\Program Files\Java\jdk-17.0.1\bin\svml.dll
0x00007fff94870000 - 0x00007fff94faf000 	C:\Windows\System32\SHELL32.dll
0x00007fff90e20000 - 0x00007fff915b0000 	C:\Windows\SYSTEM32\windows.storage.dll
0x00007fff95010000 - 0x00007fff95365000 	C:\Windows\System32\combase.dll
0x00007fff927a0000 - 0x00007fff927cc000 	C:\Windows\SYSTEM32\Wldp.dll
0x00007fff947c0000 - 0x00007fff9486d000 	C:\Windows\System32\SHCORE.dll
0x00007fff94fb0000 - 0x00007fff95005000 	C:\Windows\System32\shlwapi.dll
0x00007fff92c90000 - 0x00007fff92caf000 	C:\Windows\SYSTEM32\profapi.dll
0x00007fff90240000 - 0x00007fff90259000 	C:\Program Files\Java\jdk-17.0.1\bin\net.dll
0x00007fff8dba0000 - 0x00007fff8dca8000 	C:\Windows\SYSTEM32\WINHTTP.dll
0x00007fff92490000 - 0x00007fff924fa000 	C:\Windows\system32\mswsock.dll
0x00007fff8a580000 - 0x00007fff8a595000 	C:\Program Files\Java\jdk-17.0.1\bin\nio.dll
0x00007fff828a0000 - 0x00007fff828b8000 	C:\Program Files\Java\jdk-17.0.1\bin\zip.dll
0x00007fff8a5c0000 - 0x00007fff8a5d0000 	C:\Program Files\Java\jdk-17.0.1\bin\verify.dll

dbghelp: loaded successfully - version: 4.0.5 - missing huskySort.functions: none
symbol engine: initialized successfully - sym options: 0x614 - pdb path: .;C:\Program Files\Java\jdk-17.0.1\bin;C:\Windows\SYSTEM32;C:\Windows\WinSxS\amd64_microsoft.windows.common-controls_6595b64144ccf1df_6.0.19041.1110_none_60b5254171f9507e;C:\Program Files\Java\jdk-17.0.1\bin\server

VM Arguments:
jvm_args: -Dfile.encoding=UTF-8 -XX:+ShowCodeDetailsInExceptionMessages 
java_command: main.Mains
java_class_path (initial): C:\Users\test\OneDrive\Work\outSchoolProj\1130\INFO6205-main\target\classes;H:\software\eclipses\pinyin4j-2.5.0\lib\pinyin4j-2.5.0.jar;C:\Users\test\.p2\pool\plugins\org.junit.jupiter.api_5.7.1.v20210222-1948.jar;C:\Users\test\.p2\pool\plugins\org.junit.jupiter.engine_5.7.1.v20210222-1948.jar;C:\Users\test\.p2\pool\plugins\org.junit.jupiter.migrationsupport_5.7.1.v20210222-1948.jar;C:\Users\test\.p2\pool\plugins\org.junit.jupiter.params_5.7.1.v20210222-1948.jar;C:\Users\test\.p2\pool\plugins\org.junit.platform.commons_1.7.1.v20210222-1948.jar;C:\Users\test\.p2\pool\plugins\org.junit.platform.engine_1.7.1.v20210222-1948.jar;C:\Users\test\.p2\pool\plugins\org.junit.platform.launcher_1.7.1.v20210222-1948.jar;C:\Users\test\.p2\pool\plugins\org.junit.platform.runner_1.7.1.v20210222-1948.jar;C:\Users\test\.p2\pool\plugins\org.junit.platform.suite.api_1.7.1.v20210222-1948.jar;C:\Users\test\.p2\pool\plugins\org.junit.vintage.engine_5.7.1.v20210222-1948.jar;C:\Users\test\.p2\pool\plugins\org.opentest4j_1.2.0.v20190826-0900.jar;C:\Users\test\.p2\pool\plugins\org.apiguardian_1.1.0.v20190826-0900.jar;C:\Users\test\.p2\pool\plugins\org.junit_4.13.0.v20200204-1500.jar;C:\Users\test\.p2\pool\plugins\org.hamcrest.core_1.3.0.v20180420-1519.jar;C:\Users\test\.m2\repository\org\apache\logging\log4j\log4j-api\2.14.1\log4j-api-2.14.1.jar;C:\Users\test\.m2\repository\log4j\log4j\1.2.17\log4j-1.2.17.jar;C:\Users\test\.m2\repository\com\google\guava\guava\30.1.1-jre\guava-30.1.1-jre.jar;C:\Users\test\.m2\repository\com\google\guava\failureaccess\1.0.1\failureaccess-1.0.1.jar;C:\Users\test\.m2\repository\com\google\guava\listenablefuture\9999.0-empty-to-avoid-conflict-with-guava\listenablefuture-9999.0-empty-to-avoid-conflict-with-guava.jar;C:\Users\test\.m2\repository\com\google\code\findbugs\jsr305\3.0.2\jsr305-3.0.2.jar;C:\Users\test\.m2\repository\org\checkerframework\checker-qual\3.8.0\checker-qual-3.8.0.jar;C:\Users\test\.m2\repository\com\google\errorpron
Launcher Type: SUN_STANDARD

[Global flags]
     intx CICompilerCount                          = 3                                         {product} {ergonomic}
     uint ConcGCThreads                            = 2                                         {product} {ergonomic}
     uint G1ConcRefinementThreads                  = 6                                         {product} {ergonomic}
   size_t G1HeapRegionSize                         = 2097152                                   {product} {ergonomic}
    uintx GCDrainStackTargetSize                   = 64                                        {product} {ergonomic}
   size_t InitialHeapSize                          = 268435456                                 {product} {ergonomic}
   size_t MarkStackSize                            = 4194304                                   {product} {ergonomic}
   size_t MaxHeapSize                              = 4278190080                                {product} {ergonomic}
   size_t MaxNewSize                               = 2566914048                                {product} {ergonomic}
   size_t MinHeapDeltaBytes                        = 2097152                                   {product} {ergonomic}
   size_t MinHeapSize                              = 8388608                                   {product} {ergonomic}
    uintx NonNMethodCodeHeapSize                   = 5832780                                {pd product} {ergonomic}
    uintx NonProfiledCodeHeapSize                  = 122912730                              {pd product} {ergonomic}
    uintx ProfiledCodeHeapSize                     = 122912730                              {pd product} {ergonomic}
    uintx ReservedCodeCacheSize                    = 251658240                              {pd product} {ergonomic}
     bool SegmentedCodeCache                       = true                                      {product} {ergonomic}
     bool ShowCodeDetailsInExceptionMessages       = true                                   {manageable} {command line}
   size_t SoftMaxHeapSize                          = 4278190080                             {manageable} {ergonomic}
     bool UseCompressedClassPointers               = true                           {product lp64_product} {ergonomic}
     bool UseCompressedOops                        = true                           {product lp64_product} {ergonomic}
     bool UseG1GC                                  = true                                      {product} {ergonomic}
     bool UseLargePagesIndividualAllocation        = false                                  {pd product} {ergonomic}

Logging:
Log output configuration:
 #0: stdout all=warning uptime,level,tags
 #1: stderr all=off uptime,level,tags

Environment Variables:
PATH=C:/Program Files/Java/jdk-17.0.1/bin/server;C:/Program Files/Java/jdk-17.0.1/bin;C:\Program Files\Common Files\Oracle\Java\javapath;C:\Windows\system32;C:\Windows;C:\Windows\System32\Wbem;C:\Windows\System32\WindowsPowerShell\v1.0\;C:\Windows\System32\OpenSSH\;C:\Program Files (x86)\NVIDIA Corporation\PhysX\Common;C:\Program Files\NVIDIA Corporation\NVIDIA NvDLISR;H:\software\;C:\Program Files (x86)\Windows Kits\8.1\Windows Performance Toolkit\;C:\Users\test\AppData\Local\Programs\Python\Python39\Scripts\;C:\Users\test\AppData\Local\Programs\Python\Python39\;C:\Users\test\AppData\Local\Microsoft\WindowsApps;C:\Users\test\AppData\Roaming\npm;C:\Users\test\AppData\Local\Programs\Microsoft VS Code\bin;D:\PyCharm Community Edition 2021.2.2\bin;;C:\Users\test\Desktop;
USERNAME=test
OS=Windows_NT
PROCESSOR_IDENTIFIER=Intel64 Family 6 Model 158 Stepping 10, GenuineIntel



---------------  S Y S T E M  ---------------

OS:
 Windows 10 , 64 bit Build 19041 (10.0.19041.1202)
OS uptime: 21 days 1:28 hours

CPU: total 6 (initial active 6) (6 cores per cpu, 1 threads per core) family 6 model 158 stepping 10 microcode 0xb4, cx8, cmov, fxsr, mmx, 3dnowpref, sse, sse2, sse3, ssse3, sse4.1, sse4.2, popcnt, lzcnt, tsc, tscinvbit, avx, avx2, aes, erms, clmul, bmi1, bmi2, adx, fma, vzeroupper, clflush, clflushopt

Memory: 4k page, system-wide physical 16317M (2781M free)
TotalPageFile size 24579M (AvailPageFile size 281M)
current process WorkingSet (physical memory assigned to process): 147M, peak: 149M
current process commit charge ("private bytes"): 360M, peak: 659M

vm_info: Java HotSpot(TM) 64-Bit Server VM (17.0.1+12-LTS-39) for windows-amd64 JRE (17.0.1+12-LTS-39), built on Sep 27 2021 18:41:35 by "mach5one" with MS VC++ 16.8 (VS2019)

END.
